Removed Pin From Net: NetName=b0 Pin=C5-1
Removed Pin From Net: NetName=b1 Pin=C5-2
Removed Pin From Net: NetName=b1 Pin=C6-1
Removed Pin From Net: NetName=b2 Pin=C6-2
Change Component Footprint: Designator=C5 Old Footprint=CAPC2012X14N New Footprint=cap_by
Change Component Footprint: Designator=C6 Old Footprint=CAPC2012X14N New Footprint=cap_by
Change Component Comment : Designator=C5 Old Comment=C_0805 New Comment=cap
Change Component Comment : Designator=C6 Old Comment=C_0805 New Comment=cap
Change component parameters: Designator = "Q2" ("Q2"); Footprint = "NMOS"; UniqueID = "\LZNVEPWG" ("\LZNVEPWG")
Change component parameters (AddParameter): Name = "RoomCode"; Value = "1"; VariantName = "[No Variations]"
Added Pin To Net: NetName=b1 Pin=C5-1
Added Pin To Net: NetName=b0 Pin=C5-2
Added Pin To Net: NetName=b2 Pin=C6-1
Added Pin To Net: NetName=b1 Pin=C6-2
Added Member To Class: ClassName=Common_Drain_Inductor_Balancer Member=Component b0 Connector
Added Member To Class: ClassName=Common_Drain_Inductor_Balancer Member=Component b1 Connector
Added Member To Class: ClassName=Common_Drain_Inductor_Balancer Member=Component b2 Connector
Added Member To Class: ClassName=Common_Drain_Inductor_Balancer Member=Component C1 C_0805
Added Member To Class: ClassName=Common_Drain_Inductor_Balancer Member=Component C2 C_0805
Added Member To Class: ClassName=Common_Drain_Inductor_Balancer Member=Component C3 C_0805
Added Member To Class: ClassName=Common_Drain_Inductor_Balancer Member=Component C4 C_0805
Added Member To Class: ClassName=Common_Drain_Inductor_Balancer Member=Component C5 cap
Added Member To Class: ClassName=Common_Drain_Inductor_Balancer Member=Component C6 cap
Added Member To Class: ClassName=Common_Drain_Inductor_Balancer Member=Component C10 C_0805
Added Member To Class: ClassName=Common_Drain_Inductor_Balancer Member=Component D1 TS4148 RXG
Added Member To Class: ClassName=Common_Drain_Inductor_Balancer Member=Component gd+ Connector
Added Member To Class: ClassName=Common_Drain_Inductor_Balancer Member=Component gd- Connector
Added Member To Class: ClassName=Common_Drain_Inductor_Balancer Member=Component GND2 Connector
Added Member To Class: ClassName=Common_Drain_Inductor_Balancer Member=Component GND3 Connector
Added Member To Class: ClassName=Common_Drain_Inductor_Balancer Member=Component GND4 Connector
Added Member To Class: ClassName=Common_Drain_Inductor_Balancer Member=Component GND Connector
Added Member To Class: ClassName=Common_Drain_Inductor_Balancer Member=Component L1 General Inductor
Added Member To Class: ClassName=Common_Drain_Inductor_Balancer Member=Component LED1 XZMDKVG55W-7
Added Member To Class: ClassName=Common_Drain_Inductor_Balancer Member=Component oa+ Connector
Added Member To Class: ClassName=Common_Drain_Inductor_Balancer Member=Component oa- Connector
Added Member To Class: ClassName=Common_Drain_Inductor_Balancer Member=Component pwm Connector
Added Member To Class: ClassName=Common_Drain_Inductor_Balancer Member=Component Q1 PMOS
Added Member To Class: ClassName=Common_Drain_Inductor_Balancer Member=Component Q2 NMOS
Added Member To Class: ClassName=Common_Drain_Inductor_Balancer Member=Component R5 R_0805
Added Member To Class: ClassName=Common_Drain_Inductor_Balancer Member=Component R6 R_1206/2512
Added Member To Class: ClassName=Common_Drain_Inductor_Balancer Member=Component R7 R_0805
Added Member To Class: ClassName=Common_Drain_Inductor_Balancer Member=Component R8 R_0805
Added Member To Class: ClassName=Common_Drain_Inductor_Balancer Member=Component R9 R_0805
Added Member To Class: ClassName=Common_Drain_Inductor_Balancer Member=Component R10 R_0805
Added Member To Class: ClassName=Common_Drain_Inductor_Balancer Member=Component TP2 Testpoint
Added Member To Class: ClassName=Common_Drain_Inductor_Balancer Member=Component U1 TLP5774
Added Member To Class: ClassName=Common_Drain_Inductor_Balancer Member=Component U2 OPA2197
Added Room: Name=Common_Drain_Inductor_Balancer
