Change component parameters: Designator = "b0" ("b0"); Footprint = "connector_large"; UniqueID = "\NQODYNRQ" ("\NQODYNRQ")
Change component parameters (AddParameter): Name = "RoomCode"; Value = "PowerConnectors"; VariantName = "[No Variations]"
Change component parameters: Designator = "b1" ("b1"); Footprint = "connector_large"; UniqueID = "\TRHLVAPE" ("\TRHLVAPE")
Change component parameters (AddParameter): Name = "RoomCode"; Value = "PowerConnectors"; VariantName = "[No Variations]"
Change component parameters: Designator = "b2" ("b2"); Footprint = "connector_large"; UniqueID = "\OVTVLTCN" ("\OVTVLTCN")
Change component parameters (AddParameter): Name = "RoomCode"; Value = "PowerConnectors"; VariantName = "[No Variations]"
Change component parameters: Designator = "C3" ("C3"); Footprint = "CAPC2012X14N"; UniqueID = "\NBFSZVRV" ("\NBFSZVRV")
Change component parameters (AddParameter): Name = "RoomCode"; Value = "U1"; VariantName = "[No Variations]"
Change component parameters: Designator = "C4" ("C4"); Footprint = "CAPC2012X14N"; UniqueID = "\YAIWVUEY" ("\YAIWVUEY")
Change component parameters (AddParameter): Name = "RoomCode"; Value = "U1"; VariantName = "[No Variations]"
Change component parameters: Designator = "C5" ("C5"); Footprint = "cap_by"; UniqueID = "\XSYQIDWY" ("\XSYQIDWY")
Change component parameters (AddParameter): Name = "RoomCode"; Value = "Power"; VariantName = "[No Variations]"
Change component parameters: Designator = "C6" ("C6"); Footprint = "cap_by"; UniqueID = "\AVZWKLVU" ("\AVZWKLVU")
Change component parameters (AddParameter): Name = "RoomCode"; Value = "Power"; VariantName = "[No Variations]"
Change component parameters: Designator = "C7" ("C7"); Footprint = "CAPC2012X14N"; UniqueID = "\KURHPFXK" ("\KURHPFXK")
Change component parameters (AddParameter): Name = "RoomCode"; Value = "U2"; VariantName = "[No Variations]"
Change component parameters: Designator = "D1" ("D1"); Footprint = "DIOC3215X08N"; UniqueID = "\GOIIRAJS" ("\GOIIRAJS")
Change component parameters (AddParameter): Name = "RoomCode"; Value = "LED"; VariantName = "[No Variations]"
Change component parameters: Designator = "L1" ("L1"); Footprint = "Inductor_v1"; UniqueID = "\LNQGMWXM" ("\LNQGMWXM")
Change component parameters (AddParameter): Name = "RoomCode"; Value = "Power"; VariantName = "[No Variations]"
Change component parameters: Designator = "LED1" ("LED1"); Footprint = "DIOC3216X18N"; UniqueID = "\EDRUEMLI" ("\EDRUEMLI")
Change component parameters (AddParameter): Name = "Built_By"; Value = "EMA_Matt"; VariantName = "[No Variations]"
Change component parameters (AddParameter): Name = "Copyright"; Value = "Copyright (C) 2018 Accelerated Designs. All rights reserved"; VariantName = "[No Variations]"
Change component parameters (AddParameter): Name = "Datasheet"; Value = "https://www.sunledusa.com/products/spec/XZMDKVG55W-4.pdf"; VariantName = "[No Variations]"
Change component parameters (AddParameter): Name = "Manufacturer_Part_Number"; Value = "XZMDKVG55W-4"; VariantName = "[No Variations]"
Change component parameters (AddParameter): Name = "RefDes"; Value = "RefDes"; VariantName = "[No Variations]"
Change component parameters (AddParameter): Name = "RoomCode"; Value = "LED"; VariantName = "[No Variations]"
Change component parameters (AddParameter): Name = "SourceLibrary"; Value = "SunLED_2020-06-23"; VariantName = "[No Variations]"
Change component parameters (AddParameter): Name = "Type"; Value = "DEV"; VariantName = "[No Variations]"
Change component parameters (AddParameter): Name = "Vendor"; Value = "SunLED"; VariantName = "[No Variations]"
Change component parameters: Designator = "Q1" ("Q1"); Footprint = "PMOS"; UniqueID = "\BCAWOTMU" ("\BCAWOTMU")
Change component parameters (AddParameter): Name = "RoomCode"; Value = "Power"; VariantName = "[No Variations]"
Change component parameters: Designator = "Q2" ("Q2"); Footprint = "NMOS"; UniqueID = "\LZNVEPWG" ("\LZNVEPWG")
Change component parameters (AddParameter): Name = "RoomCode"; Value = "Power"; VariantName = "[No Variations]"
Change component parameters: Designator = "R1" ("R1"); Footprint = "RESC6331X06N"; UniqueID = "\YHFKBHYI" ("\YHFKBHYI")
Change component parameters (AddParameter): Name = "RoomCode"; Value = "U1"; VariantName = "[No Variations]"
Change component parameters: Designator = "R2" ("R2"); Footprint = "RESC2012X06N"; UniqueID = "\GUOOBGXF" ("\GUOOBGXF")
Change component parameters (AddParameter): Name = "RoomCode"; Value = "LED"; VariantName = "[No Variations]"
Change component parameters: Designator = "R3" ("R3"); Footprint = "RESC2012X06N"; UniqueID = "\ATTBEPFX" ("\ATTBEPFX")
Change component parameters (AddParameter): Name = "RoomCode"; Value = "U2"; VariantName = "[No Variations]"
Change component parameters: Designator = "R4" ("R4"); Footprint = "RESC2012X06N"; UniqueID = "\XSQXFAVP" ("\XSQXFAVP")
Change component parameters (AddParameter): Name = "RoomCode"; Value = "U2"; VariantName = "[No Variations]"
Change component parameters: Designator = "R5" ("R5"); Footprint = "RESC2012X06N"; UniqueID = "\CCFKGVFY" ("\CCFKGVFY")
Change component parameters (AddParameter): Name = "RoomCode"; Value = "U2"; VariantName = "[No Variations]"
Change component parameters: Designator = "R6" ("R6"); Footprint = "RESC2012X06N"; UniqueID = "\PZCHLVRC" ("\PZCHLVRC")
Change component parameters (AddParameter): Name = "RoomCode"; Value = "U2"; VariantName = "[No Variations]"
Change component parameters: Designator = "TP1" ("TP1"); Footprint = "testpoint"; UniqueID = "\JNRRWTRV" ("\JNRRWTRV")
Change component parameters (AddParameter): Name = "RoomCode"; Value = "LED"; VariantName = "[No Variations]"
Change component parameters: Designator = "U1" ("U1"); Footprint = "SOIC127P1000X220-6N"; UniqueID = "\QHUIHOAS" ("\QHUIHOAS")
Change component parameters (AddParameter): Name = "RoomCode"; Value = "U1"; VariantName = "[No Variations]"
Change component parameters: Designator = "U2" ("U2"); Footprint = "SOIC127P600X175-8N"; UniqueID = "\VCFHYBRD" ("\VCFHYBRD")
Change component parameters (AddParameter): Name = "RoomCode"; Value = "U2"; VariantName = "[No Variations]"
