Removed Pin From Net: NetName=b0 Pin=b0-1
Removed Pin From Net: NetName=b1 Pin=b1-1
Removed Pin From Net: NetName=b2 Pin=b2-1
Removed Pin From Net: NetName=oa+ Pin=C1-1
Removed Pin From Net: NetName=GND Pin=C1-2
Removed Pin From Net: NetName=GND Pin=C2-1
Removed Pin From Net: NetName=oa- Pin=C2-2
Removed Pin From Net: NetName=gd+ Pin=C3-1
Removed Pin From Net: NetName=GND Pin=C3-2
Removed Pin From Net: NetName=GND Pin=C4-1
Removed Pin From Net: NetName=gd- Pin=C4-2
Removed Pin From Net: NetName=b0 Pin=C5-1
Removed Pin From Net: NetName=b1 Pin=C5-2
Removed Pin From Net: NetName=b1 Pin=C6-1
Removed Pin From Net: NetName=b2 Pin=C6-2
Removed Pin From Net: NetName=NetC10_1 Pin=C10-1
Removed Pin From Net: NetName=GND Pin=C10-2
Removed Pin From Net: NetName=NetD1_1 Pin=D1-1
Removed Pin From Net: NetName=GND Pin=D1-2
Removed Pin From Net: NetName=gd+ Pin=gd+-1
Removed Pin From Net: NetName=gd- Pin=gd--1
Removed Pin From Net: NetName=GND Pin=GND2-1
Removed Pin From Net: NetName=GND Pin=GND3-1
Removed Pin From Net: NetName=GND Pin=GND4-1
Removed Pin From Net: NetName=GND Pin=GND-1
Removed Pin From Net: NetName=NetL1_1 Pin=L1-1
Removed Pin From Net: NetName=b1 Pin=L1-2
Removed Pin From Net: NetName=NetLED1_1 Pin=LED1-1
Removed Pin From Net: NetName=NetD1_1 Pin=LED1-2
Removed Pin From Net: NetName=oa+ Pin=oa+-1
Removed Pin From Net: NetName=oa- Pin=oa--1
Removed Pin From Net: NetName=pwm Pin=pwm-1
Removed Pin From Net: NetName=b0 Pin=Q1-D
Removed Pin From Net: NetName=gates Pin=Q1-G
Removed Pin From Net: NetName=NetL1_1 Pin=Q1-S
Removed Pin From Net: NetName=b2 Pin=Q2-D
Removed Pin From Net: NetName=gates Pin=Q2-G
Removed Pin From Net: NetName=NetL1_1 Pin=Q2-S
Removed Pin From Net: NetName=NetR5_1 Pin=R5-1
Removed Pin From Net: NetName=NetC10_1 Pin=R5-2
Removed Pin From Net: NetName=NetR6_1 Pin=R6-1
Removed Pin From Net: NetName=gates Pin=R6-2
Removed Pin From Net: NetName=NetR7_1 Pin=R7-1
Removed Pin From Net: NetName=NetLED1_1 Pin=R7-2
Removed Pin From Net: NetName=NetR5_1 Pin=R8-1
Removed Pin From Net: NetName=NetR8_2 Pin=R8-2
Removed Pin From Net: NetName=GND Pin=R9-1
Removed Pin From Net: NetName=NetR8_2 Pin=R9-2
Removed Pin From Net: NetName=GND Pin=R10-1
Removed Pin From Net: NetName=pwm Pin=R10-2
Removed Pin From Net: NetName=NetLED1_1 Pin=TP2-1
Removed Pin From Net: NetName=NetD1_1 Pin=U1-1
Removed Pin From Net: NetName=GND Pin=U1-2
Removed Pin From Net: NetName=GND Pin=U1-3
Removed Pin From Net: NetName=gd- Pin=U1-4
Removed Pin From Net: NetName=NetR6_1 Pin=U1-5
Removed Pin From Net: NetName=gd+ Pin=U1-6
Removed Pin From Net: NetName=NetR5_1 Pin=U2-1
Removed Pin From Net: NetName=NetC10_1 Pin=U2-2
Removed Pin From Net: NetName=NetR8_2 Pin=U2-3
Removed Pin From Net: NetName=oa- Pin=U2-4
Removed Pin From Net: NetName=pwm Pin=U2-5
Removed Pin From Net: NetName=NetC10_1 Pin=U2-6
Removed Pin From Net: NetName=NetR7_1 Pin=U2-7
Removed Pin From Net: NetName=oa+ Pin=U2-8
Added Component: Designator=b0(connector_large)
Added Component: Designator=b1(connector_large)
Added Component: Designator=b2(connector_large)
Added Component: Designator=C1(CAPC2012X14N)
Added Component: Designator=C2(CAPC2012X14N)
Added Component: Designator=C3(CAPC2012X14N)
Added Component: Designator=C4(CAPC2012X14N)
Added Component: Designator=C5(cap_by)
Added Component: Designator=C6(cap_by)
Added Component: Designator=C10(CAPC2012X14N)
Added Component: Designator=D1(DIOC3215X08N)
Added Component: Designator=gd+(connector_large)
Added Component: Designator=gd-(connector_large)
Added Component: Designator=GND2(connector_large)
Added Component: Designator=GND3(connector_large)
Added Component: Designator=GND4(connector_large)
Added Component: Designator=GND(connector_large)
Added Component: Designator=L1(Inductor_v1)
Added Component: Designator=LED1(DIOC3216X18N)
Add component (AddParameter): Name = "Built_By"; Value = "EMA_Matt"; VariantName = "[No Variations]"
Add component (AddParameter): Name = "Copyright"; Value = "Copyright (C) 2018 Accelerated Designs. All rights reserved"; VariantName = "[No Variations]"
Add component (AddParameter): Name = "Datasheet"; Value = "https://www.sunledusa.com/products/spec/XZMDKVG55W-4.pdf"; VariantName = "[No Variations]"
Add component (AddParameter): Name = "Manufacturer_Part_Number"; Value = "XZMDKVG55W-4"; VariantName = "[No Variations]"
Add component (AddParameter): Name = "RefDes"; Value = "RefDes"; VariantName = "[No Variations]"
Add component (AddParameter): Name = "SourceLibrary"; Value = "SunLED_2020-06-23"; VariantName = "[No Variations]"
Add component (AddParameter): Name = "Type"; Value = "DEV"; VariantName = "[No Variations]"
Add component (AddParameter): Name = "Vendor"; Value = "SunLED"; VariantName = "[No Variations]"
Added Component: Designator=oa+(connector_large)
Added Component: Designator=oa-(connector_large)
Added Component: Designator=pwm(connector_large)
Added Component: Designator=Q1(PMOS)
Added Component: Designator=Q2(NMOS)
Add component (AddParameter): Name = "RoomCode"; Value = "1"; VariantName = "[No Variations]"
Added Component: Designator=R5(RESC2012X06N)
Added Component: Designator=R6(RESC6331X06N)
Added Component: Designator=R7(RESC2012X06N)
Added Component: Designator=R8(RESC2012X06N)
Added Component: Designator=R9(RESC2012X06N)
Added Component: Designator=R10(RESC2012X06N)
Added Component: Designator=TP2(testpoint)
Added Component: Designator=U1(SOIC127P1000X220-6N)
Added Component: Designator=U2(SOIC127P600X175-8N)
Added Pin To Net: NetName=b0 Pin=b0-1
Added Pin To Net: NetName=b1 Pin=b1-1
Added Pin To Net: NetName=b2 Pin=b2-1
Added Pin To Net: NetName=oa+ Pin=C1-1
Added Pin To Net: NetName=GND Pin=C1-2
Added Pin To Net: NetName=GND Pin=C2-1
Added Pin To Net: NetName=oa- Pin=C2-2
Added Pin To Net: NetName=gd+ Pin=C3-1
Added Pin To Net: NetName=GND Pin=C3-2
Added Pin To Net: NetName=GND Pin=C4-1
Added Pin To Net: NetName=gd- Pin=C4-2
Added Pin To Net: NetName=b1 Pin=C5-1
Added Pin To Net: NetName=b0 Pin=C5-2
Added Pin To Net: NetName=b2 Pin=C6-1
Added Pin To Net: NetName=b1 Pin=C6-2
Added Pin To Net: NetName=NetC10_1 Pin=C10-1
Added Pin To Net: NetName=GND Pin=C10-2
Added Pin To Net: NetName=NetD1_1 Pin=D1-1
Added Pin To Net: NetName=GND Pin=D1-2
Added Pin To Net: NetName=gd+ Pin=gd+-1
Added Pin To Net: NetName=gd- Pin=gd--1
Added Pin To Net: NetName=GND Pin=GND2-1
Added Pin To Net: NetName=GND Pin=GND3-1
Added Pin To Net: NetName=GND Pin=GND4-1
Added Pin To Net: NetName=GND Pin=GND-1
Added Pin To Net: NetName=NetL1_1 Pin=L1-1
Added Pin To Net: NetName=b1 Pin=L1-2
Added Pin To Net: NetName=NetLED1_1 Pin=LED1-1
Added Pin To Net: NetName=NetD1_1 Pin=LED1-2
Added Pin To Net: NetName=oa+ Pin=oa+-1
Added Pin To Net: NetName=oa- Pin=oa--1
Added Pin To Net: NetName=pwm Pin=pwm-1
Added Pin To Net: NetName=b0 Pin=Q1-D
Added Pin To Net: NetName=gates Pin=Q1-G
Added Pin To Net: NetName=NetL1_1 Pin=Q1-S
Added Pin To Net: NetName=b2 Pin=Q2-D
Added Pin To Net: NetName=gates Pin=Q2-G
Added Pin To Net: NetName=NetL1_1 Pin=Q2-S
Added Pin To Net: NetName=NetR5_1 Pin=R5-1
Added Pin To Net: NetName=NetC10_1 Pin=R5-2
Added Pin To Net: NetName=NetR6_1 Pin=R6-1
Added Pin To Net: NetName=gates Pin=R6-2
Added Pin To Net: NetName=NetR7_1 Pin=R7-1
Added Pin To Net: NetName=NetLED1_1 Pin=R7-2
Added Pin To Net: NetName=NetR5_1 Pin=R8-1
Added Pin To Net: NetName=NetR8_2 Pin=R8-2
Added Pin To Net: NetName=GND Pin=R9-1
Added Pin To Net: NetName=NetR8_2 Pin=R9-2
Added Pin To Net: NetName=GND Pin=R10-1
Added Pin To Net: NetName=pwm Pin=R10-2
Added Pin To Net: NetName=NetLED1_1 Pin=TP2-1
Added Pin To Net: NetName=NetD1_1 Pin=U1-1
Added Pin To Net: NetName=GND Pin=U1-2
Added Pin To Net: NetName=GND Pin=U1-3
Added Pin To Net: NetName=gd- Pin=U1-4
Added Pin To Net: NetName=NetR6_1 Pin=U1-5
Added Pin To Net: NetName=gd+ Pin=U1-6
Added Pin To Net: NetName=NetR5_1 Pin=U2-1
Added Pin To Net: NetName=NetC10_1 Pin=U2-2
Added Pin To Net: NetName=NetR8_2 Pin=U2-3
Added Pin To Net: NetName=oa- Pin=U2-4
Added Pin To Net: NetName=pwm Pin=U2-5
Added Pin To Net: NetName=NetC10_1 Pin=U2-6
Added Pin To Net: NetName=NetR7_1 Pin=U2-7
Added Pin To Net: NetName=oa+ Pin=U2-8
Added Member To Class: ClassName=Common_Drain_Inductor_Balancer Member=Component b0 Connector
Added Member To Class: ClassName=Common_Drain_Inductor_Balancer Member=Component b1 Connector
Added Member To Class: ClassName=Common_Drain_Inductor_Balancer Member=Component b2 Connector
Added Member To Class: ClassName=Common_Drain_Inductor_Balancer Member=Component C1 C_0805
Added Member To Class: ClassName=Common_Drain_Inductor_Balancer Member=Component C2 C_0805
Added Member To Class: ClassName=Common_Drain_Inductor_Balancer Member=Component C3 C_0805
Added Member To Class: ClassName=Common_Drain_Inductor_Balancer Member=Component C4 C_0805
Added Member To Class: ClassName=Common_Drain_Inductor_Balancer Member=Component C5 cap
Added Member To Class: ClassName=Common_Drain_Inductor_Balancer Member=Component C6 cap
Added Member To Class: ClassName=Common_Drain_Inductor_Balancer Member=Component C10 C_0805
Added Member To Class: ClassName=Common_Drain_Inductor_Balancer Member=Component D1 TS4148 RXG
Added Member To Class: ClassName=Common_Drain_Inductor_Balancer Member=Component gd+ Connector
Added Member To Class: ClassName=Common_Drain_Inductor_Balancer Member=Component gd- Connector
Added Member To Class: ClassName=Common_Drain_Inductor_Balancer Member=Component GND2 Connector
Added Member To Class: ClassName=Common_Drain_Inductor_Balancer Member=Component GND3 Connector
Added Member To Class: ClassName=Common_Drain_Inductor_Balancer Member=Component GND4 Connector
Added Member To Class: ClassName=Common_Drain_Inductor_Balancer Member=Component GND Connector
Added Member To Class: ClassName=Common_Drain_Inductor_Balancer Member=Component LED1 XZMDKVG55W-7
Added Member To Class: ClassName=Common_Drain_Inductor_Balancer Member=Component oa+ Connector
Added Member To Class: ClassName=Common_Drain_Inductor_Balancer Member=Component oa- Connector
Added Member To Class: ClassName=Common_Drain_Inductor_Balancer Member=Component pwm Connector
Added Member To Class: ClassName=Common_Drain_Inductor_Balancer Member=Component Q1 PMOS
Added Member To Class: ClassName=Common_Drain_Inductor_Balancer Member=Component Q2 NMOS
Added Member To Class: ClassName=Common_Drain_Inductor_Balancer Member=Component R5 R_0805
Added Member To Class: ClassName=Common_Drain_Inductor_Balancer Member=Component R6 R_1206/2512
Added Member To Class: ClassName=Common_Drain_Inductor_Balancer Member=Component R7 R_0805
Added Member To Class: ClassName=Common_Drain_Inductor_Balancer Member=Component R8 R_0805
Added Member To Class: ClassName=Common_Drain_Inductor_Balancer Member=Component R9 R_0805
Added Member To Class: ClassName=Common_Drain_Inductor_Balancer Member=Component R10 R_0805
Added Member To Class: ClassName=Common_Drain_Inductor_Balancer Member=Component TP2 Testpoint
Added Member To Class: ClassName=Common_Drain_Inductor_Balancer Member=Component U1 TLP5774
Added Member To Class: ClassName=Common_Drain_Inductor_Balancer Member=Component U2 OPA2197
Added Room: Name=Common_Drain_Inductor_Balancer
